[debug] [2021-05-08T10:13:15.117Z] ----------------------------------------------------------------------
[debug] [2021-05-08T10:13:15.119Z] Command:       A:\RMIT IT\WP\NodeJS\node.exe C:\Users\Asus\AppData\Roaming\npm\node_modules\firebase-tools\lib\bin\firebase.js init
[debug] [2021-05-08T10:13:15.120Z] CLI Version:   9.10.2
[debug] [2021-05-08T10:13:15.120Z] Platform:      win32
[debug] [2021-05-08T10:13:15.120Z] Node Version:  v12.13.0
[debug] [2021-05-08T10:13:15.121Z] Time:          Sat May 08 2021 17:13:15 GMT+0700 (Indochina Time)
[debug] [2021-05-08T10:13:15.121Z] ----------------------------------------------------------------------
[debug] 
[debug] [2021-05-08T10:13:15.128Z] > command requires scopes: ["email","openid","https://www.googleapis.com/auth/cloudplatformprojects.readonly","https://www.googleapis.com/auth/firebase","https://www.googleapis.com/auth/cloud-platform"]
[debug] [2021-05-08T10:13:15.129Z] > authorizing via signed-in user (giaminhphamle@gmail.com)
[info] 
     ######## #### ########  ######## ########     ###     ######  ########
     ##        ##  ##     ## ##       ##     ##  ##   ##  ##       ##
     ######    ##  ########  ######   ########  #########  ######  ######
     ##        ##  ##    ##  ##       ##     ## ##     ##       ## ##
     ##       #### ##     ## ######## ########  ##     ##  ######  ########

You're about to initialize a Firebase project in this directory:

  A:\RMIT IT\Small Proj\Web\Fiverr\AIMarketing

[info] 
=== Project Setup
[info] 
[info] First, let's associate this project directory with a Firebase project.
[info] You can create multiple project aliases by running firebase use --add, 
[info] but for now we'll just set up a default project.
[info] 
[debug] [2021-05-08T10:14:13.205Z] >>> [apiv2][query] GET https://firebase.googleapis.com/v1beta1/projects pageSize=100
[debug] [2021-05-08T10:14:13.714Z] <<< [apiv2][status] GET https://firebase.googleapis.com/v1beta1/projects 200
[debug] [2021-05-08T10:14:13.714Z] <<< [apiv2][body] GET https://firebase.googleapis.com/v1beta1/projects [omitted]
[info] i  Using project fiverr-aimarketbot (Fiverr-AIMarketBot) 
[info] 
=== Hosting Setup
[info] 
[info] Your public directory is the folder (relative to your project directory) that
[info] will contain Hosting assets to be uploaded with firebase deploy. If you
[info] have a build process for your assets, use your build's output directory.
[info] 
[debug] [2021-05-08T10:14:43.049Z] >>> [apiv2][query] GET https://www.gstatic.com/firebasejs/releases.json [none]
[debug] [2021-05-08T10:14:43.234Z] <<< [apiv2][status] GET https://www.gstatic.com/firebasejs/releases.json 200
[debug] [2021-05-08T10:14:43.234Z] <<< [apiv2][body] GET https://www.gstatic.com/firebasejs/releases.json {"current":{"version":"8.5.0","browserURL":"https://www.gstatic.com/firebasejs/8.5.0/firebase.js","packageURL":"https://www.gstatic.com/firebasejs/8.5.0/firebase.tgz"},"live":{"version":"8.5","browserURL":"https://www.gstatic.com/firebasejs/live/8.5/firebase.js","packageURL":"https://www.gstatic.com/firebasejs/live/8.5/firebase.tgz"},"components":{"analytics":"https://www.gstatic.com/firebasejs/8.5.0/firebase-analytics.js","app":"https://www.gstatic.com/firebasejs/8.5.0/firebase-app.js","auth":"https://www.gstatic.com/firebasejs/8.5.0/firebase-auth.js","database":"https://www.gstatic.com/firebasejs/8.5.0/firebase-database.js","firestore":"https://www.gstatic.com/firebasejs/8.5.0/firebase-firestore.js","functions":"https://www.gstatic.com/firebasejs/8.5.0/firebase-functions.js","installations":"https://www.gstatic.com/firebasejs/8.5.0/firebase-installations.js","messaging":"https://www.gstatic.com/firebasejs/8.5.0/firebase-messaging.js","storage":"https://www.gstatic.com/firebasejs/8.5.0/firebase-storage.js","performance":"https://www.gstatic.com/firebasejs/8.5.0/firebase-performance.js","remote-config":"https://www.gstatic.com/firebasejs/8.5.0/firebase-remote-config.js","firestore.memory":"https://www.gstatic.com/firebasejs/8.5.0/firebase-firestore.memory.js"}}
[info] +  Wrote public/index.html 
[info] 
[info] i  Didn't detect a .git folder. Assuming A:\RMIT IT\Small Proj\Web\Fiverr\AIMarketing is the project root. 
[info] i  Authorizing with GitHub to upload your service account to a GitHub repository's secrets store. 
[info] 
[info] Visit this URL on this device to log in:
[info] https://github.com/login/oauth/authorize?client_id=89cf50f02ac6aaed3484&state=629294097&redirect_uri=http%3A%2F%2Flocalhost%3A9005&scope=read%3Auser%20repo%20public_repo
[info] 
[info] Waiting for authentication...
[debug] [2021-05-08T10:14:52.148Z] >>> HTTP REQUEST POST https://github.com/login/oauth/access_token  
 {"client_id":"89cf50f02ac6aaed3484","client_secret":"3330d14abc895d9a74d5f17cd7a00711fa2c5bf0","code":"aca3cf5b6a8224210ed2","redirect_uri":"http://localhost:9005","state":"629294097"}
[debug] [2021-05-08T10:14:52.542Z] <<< HTTP RESPONSE 200 {"server":"GitHub.com","date":"Sat, 08 May 2021 10:14:52 GMT","content-type":"application/json; charset=utf-8","transfer-encoding":"chunked","vary":"X-PJAX, Accept-Encoding, Accept, X-Requested-With","permissions-policy":"interest-cohort=()","etag":"W/\"b67144701799fb448c768c5d1373e72c\"","cache-control":"max-age=0, private, must-revalidate","strict-transport-security":"max-age=31536000; includeSubdomains; preload","x-frame-options":"deny","x-content-type-options":"nosniff","x-xss-protection":"0","referrer-policy":"origin-when-cross-origin, strict-origin-when-cross-origin","expect-ct":"max-age=2592000, report-uri=\"https://api.github.com/_private/browser/errors\"","content-security-policy":"default-src 'none'; base-uri 'self'; block-all-mixed-content; connect-src 'self' uploads.github.com www.githubstatus.com collector.githubapp.com api.github.com github-cloud.s3.amazonaws.com github-production-repository-file-5c1aeb.s3.amazonaws.com github-production-upload-manifest-file-7fdce7.s3.amazonaws.com github-production-user-asset-6210df.s3.amazonaws.com cdn.optimizely.com logx.optimizely.com/v1/events wss://alive.github.com; font-src github.githubassets.com; form-action 'self' github.com gist.github.com; frame-ancestors 'none'; frame-src render.githubusercontent.com; img-src 'self' data: github.githubassets.com identicons.github.com collector.githubapp.com github-cloud.s3.amazonaws.com secured-user-images.githubusercontent.com/ *.githubusercontent.com; manifest-src 'self'; media-src 'none'; script-src github.githubassets.com; style-src 'unsafe-inline' github.githubassets.com; worker-src github.com/socket-worker-3f088aa2.js gist.github.com/socket-worker-3f088aa2.js","x-github-request-id":"FC32:1FCF:BB2DBD:C4F606:6096649C"}
[debug] [2021-05-08T10:14:52.545Z] >>> [apiv2][query] GET https://api.github.com/user [none]
[debug] [2021-05-08T10:14:52.974Z] <<< [apiv2][status] GET https://api.github.com/user 200
[debug] [2021-05-08T10:14:52.974Z] <<< [apiv2][body] GET https://api.github.com/user {"login":"giaminhphamle","id":67773711,"node_id":"MDQ6VXNlcjY3NzczNzEx","avatar_url":"https://avatars.githubusercontent.com/u/67773711?v=4","gravatar_id":"","url":"https://api.github.com/users/giaminhphamle","html_url":"https://github.com/giaminhphamle","followers_url":"https://api.github.com/users/giaminhphamle/followers","following_url":"https://api.github.com/users/giaminhphamle/following{/other_user}","gists_url":"https://api.github.com/users/giaminhphamle/gists{/gist_id}","starred_url":"https://api.github.com/users/giaminhphamle/starred{/owner}{/repo}","subscriptions_url":"https://api.github.com/users/giaminhphamle/subscriptions","organizations_url":"https://api.github.com/users/giaminhphamle/orgs","repos_url":"https://api.github.com/users/giaminhphamle/repos","events_url":"https://api.github.com/users/giaminhphamle/events{/privacy}","received_events_url":"https://api.github.com/users/giaminhphamle/received_events","type":"User","site_admin":false,"name":null,"company":null,"blog":"","location":null,"email":null,"hireable":null,"bio":null,"twitter_username":null,"public_repos":2,"public_gists":0,"followers":0,"following":0,"created_at":"2020-07-03T04:31:23Z","updated_at":"2021-05-08T10:14:51Z","private_gists":0,"total_private_repos":5,"owned_private_repos":5,"disk_usage":3568,"collaborators":4,"two_factor_authentication":false,"plan":{"name":"free","space":976562499,"collaborators":0,"private_repos":10000}}
[info] 
[info] +  Success! Logged into GitHub as giaminhphamle 
[info] 
[debug] [2021-05-08T10:15:05.133Z] >>> [apiv2][query] GET https://api.github.com/repos//actions/secrets/public-key type=owner
[debug] [2021-05-08T10:15:05.511Z] <<< [apiv2][status] GET https://api.github.com/repos//actions/secrets/public-key 404
[debug] [2021-05-08T10:15:05.511Z] <<< [apiv2][body] GET https://api.github.com/repos//actions/secrets/public-key {"message":"Not Found","documentation_url":"https://docs.github.com/rest"}
[debug] [2021-05-08T10:16:40.286Z] ----------------------------------------------------------------------
[debug] [2021-05-08T10:16:40.288Z] Command:       A:\RMIT IT\WP\NodeJS\node.exe C:\Users\Asus\AppData\Roaming\npm\node_modules\firebase-tools\lib\bin\firebase.js init
[debug] [2021-05-08T10:16:40.288Z] CLI Version:   9.10.2
[debug] [2021-05-08T10:16:40.289Z] Platform:      win32
[debug] [2021-05-08T10:16:40.289Z] Node Version:  v12.13.0
[debug] [2021-05-08T10:16:40.290Z] Time:          Sat May 08 2021 17:16:40 GMT+0700 (Indochina Time)
[debug] [2021-05-08T10:16:40.290Z] ----------------------------------------------------------------------
[debug] 
[debug] [2021-05-08T10:16:40.298Z] > command requires scopes: ["email","openid","https://www.googleapis.com/auth/cloudplatformprojects.readonly","https://www.googleapis.com/auth/firebase","https://www.googleapis.com/auth/cloud-platform"]
[debug] [2021-05-08T10:16:40.298Z] > authorizing via signed-in user (giaminhphamle@gmail.com)
[info] 
     ######## #### ########  ######## ########     ###     ######  ########
     ##        ##  ##     ## ##       ##     ##  ##   ##  ##       ##
     ######    ##  ########  ######   ########  #########  ######  ######
     ##        ##  ##    ##  ##       ##     ## ##     ##       ## ##
     ##       #### ##     ## ######## ########  ##     ##  ######  ########

You're about to initialize a Firebase project in this directory:

  A:\RMIT IT\Small Proj\Web\Fiverr\AIMarketing

[info] 
=== Project Setup
[info] 
[info] First, let's associate this project directory with a Firebase project.
[info] You can create multiple project aliases by running firebase use --add, 
[info] but for now we'll just set up a default project.
[info] 
[debug] [2021-05-08T10:16:45.914Z] >>> [apiv2][query] GET https://firebase.googleapis.com/v1beta1/projects pageSize=100
[debug] [2021-05-08T10:16:46.711Z] <<< [apiv2][status] GET https://firebase.googleapis.com/v1beta1/projects 200
[debug] [2021-05-08T10:16:46.712Z] <<< [apiv2][body] GET https://firebase.googleapis.com/v1beta1/projects [omitted]
[info] i  Using project fiverr-aimarketbot (Fiverr-AIMarketBot) 
[info] 
=== Hosting Setup
[info] 
[info] Your public directory is the folder (relative to your project directory) that
[info] will contain Hosting assets to be uploaded with firebase deploy. If you
[info] have a build process for your assets, use your build's output directory.
[info] 
[debug] [2021-05-08T10:17:00.102Z] >>> [apiv2][query] GET https://www.gstatic.com/firebasejs/releases.json [none]
[debug] [2021-05-08T10:17:00.278Z] <<< [apiv2][status] GET https://www.gstatic.com/firebasejs/releases.json 200
[debug] [2021-05-08T10:17:00.278Z] <<< [apiv2][body] GET https://www.gstatic.com/firebasejs/releases.json {"current":{"version":"8.5.0","browserURL":"https://www.gstatic.com/firebasejs/8.5.0/firebase.js","packageURL":"https://www.gstatic.com/firebasejs/8.5.0/firebase.tgz"},"live":{"version":"8.5","browserURL":"https://www.gstatic.com/firebasejs/live/8.5/firebase.js","packageURL":"https://www.gstatic.com/firebasejs/live/8.5/firebase.tgz"},"components":{"analytics":"https://www.gstatic.com/firebasejs/8.5.0/firebase-analytics.js","app":"https://www.gstatic.com/firebasejs/8.5.0/firebase-app.js","auth":"https://www.gstatic.com/firebasejs/8.5.0/firebase-auth.js","database":"https://www.gstatic.com/firebasejs/8.5.0/firebase-database.js","firestore":"https://www.gstatic.com/firebasejs/8.5.0/firebase-firestore.js","functions":"https://www.gstatic.com/firebasejs/8.5.0/firebase-functions.js","installations":"https://www.gstatic.com/firebasejs/8.5.0/firebase-installations.js","messaging":"https://www.gstatic.com/firebasejs/8.5.0/firebase-messaging.js","storage":"https://www.gstatic.com/firebasejs/8.5.0/firebase-storage.js","performance":"https://www.gstatic.com/firebasejs/8.5.0/firebase-performance.js","remote-config":"https://www.gstatic.com/firebasejs/8.5.0/firebase-remote-config.js","firestore.memory":"https://www.gstatic.com/firebasejs/8.5.0/firebase-firestore.memory.js"}}
[info] +  Wrote /index.html 
[info] 
[info] i  Didn't detect a .git folder. Assuming A:\RMIT IT\Small Proj\Web\Fiverr\AIMarketing is the project root. 
[info] i  Authorizing with GitHub to upload your service account to a GitHub repository's secrets store. 
[info] 
[info] Visit this URL on this device to log in:
[info] https://github.com/login/oauth/authorize?client_id=89cf50f02ac6aaed3484&state=411377660&redirect_uri=http%3A%2F%2Flocalhost%3A9005&scope=read%3Auser%20repo%20public_repo
[info] 
[info] Waiting for authentication...
[debug] [2021-05-08T10:17:01.031Z] >>> HTTP REQUEST POST https://github.com/login/oauth/access_token  
 {"client_id":"89cf50f02ac6aaed3484","client_secret":"3330d14abc895d9a74d5f17cd7a00711fa2c5bf0","code":"c28d0aa06af231dae417","redirect_uri":"http://localhost:9005","state":"411377660"}
[debug] [2021-05-08T10:17:01.428Z] <<< HTTP RESPONSE 200 {"server":"GitHub.com","date":"Sat, 08 May 2021 10:17:01 GMT","content-type":"application/json; charset=utf-8","transfer-encoding":"chunked","vary":"X-PJAX, Accept-Encoding, Accept, X-Requested-With","permissions-policy":"interest-cohort=()","etag":"W/\"905c6480b90257ef48c9ef15a5583355\"","cache-control":"max-age=0, private, must-revalidate","strict-transport-security":"max-age=31536000; includeSubdomains; preload","x-frame-options":"deny","x-content-type-options":"nosniff","x-xss-protection":"0","referrer-policy":"origin-when-cross-origin, strict-origin-when-cross-origin","expect-ct":"max-age=2592000, report-uri=\"https://api.github.com/_private/browser/errors\"","content-security-policy":"default-src 'none'; base-uri 'self'; block-all-mixed-content; connect-src 'self' uploads.github.com www.githubstatus.com collector.githubapp.com api.github.com github-cloud.s3.amazonaws.com github-production-repository-file-5c1aeb.s3.amazonaws.com github-production-upload-manifest-file-7fdce7.s3.amazonaws.com github-production-user-asset-6210df.s3.amazonaws.com cdn.optimizely.com logx.optimizely.com/v1/events wss://alive.github.com; font-src github.githubassets.com; form-action 'self' github.com gist.github.com; frame-ancestors 'none'; frame-src render.githubusercontent.com; img-src 'self' data: github.githubassets.com identicons.github.com collector.githubapp.com github-cloud.s3.amazonaws.com secured-user-images.githubusercontent.com/ *.githubusercontent.com; manifest-src 'self'; media-src 'none'; script-src github.githubassets.com; style-src 'unsafe-inline' github.githubassets.com; worker-src github.com/socket-worker-3f088aa2.js gist.github.com/socket-worker-3f088aa2.js","x-github-request-id":"FC6C:311C:DE0E32:EABCF2:6096651C"}
[debug] [2021-05-08T10:17:01.431Z] >>> [apiv2][query] GET https://api.github.com/user [none]
[debug] [2021-05-08T10:17:02.076Z] <<< [apiv2][status] GET https://api.github.com/user 200
[debug] [2021-05-08T10:17:02.077Z] <<< [apiv2][body] GET https://api.github.com/user {"login":"giaminhphamle","id":67773711,"node_id":"MDQ6VXNlcjY3NzczNzEx","avatar_url":"https://avatars.githubusercontent.com/u/67773711?v=4","gravatar_id":"","url":"https://api.github.com/users/giaminhphamle","html_url":"https://github.com/giaminhphamle","followers_url":"https://api.github.com/users/giaminhphamle/followers","following_url":"https://api.github.com/users/giaminhphamle/following{/other_user}","gists_url":"https://api.github.com/users/giaminhphamle/gists{/gist_id}","starred_url":"https://api.github.com/users/giaminhphamle/starred{/owner}{/repo}","subscriptions_url":"https://api.github.com/users/giaminhphamle/subscriptions","organizations_url":"https://api.github.com/users/giaminhphamle/orgs","repos_url":"https://api.github.com/users/giaminhphamle/repos","events_url":"https://api.github.com/users/giaminhphamle/events{/privacy}","received_events_url":"https://api.github.com/users/giaminhphamle/received_events","type":"User","site_admin":false,"name":null,"company":null,"blog":"","location":null,"email":null,"hireable":null,"bio":null,"twitter_username":null,"public_repos":2,"public_gists":0,"followers":0,"following":0,"created_at":"2020-07-03T04:31:23Z","updated_at":"2021-05-08T10:14:51Z","private_gists":0,"total_private_repos":6,"owned_private_repos":6,"disk_usage":3568,"collaborators":4,"two_factor_authentication":false,"plan":{"name":"free","space":976562499,"collaborators":0,"private_repos":10000}}
[info] 
[info] +  Success! Logged into GitHub as giaminhphamle 
[info] 
